2016-09-21 11:19:31.912  INFO 11969 --- [main] t.j.o.OrganizationServiceApplication     : Starting OrganizationServiceApplication on dev2.jyx365.top with PID 11969 (/home/alan/organizationService/build/classes/main started by alan in /home/alan/organizationService)
2016-09-21 11:19:31.917  INFO 11969 --- [main] t.j.o.OrganizationServiceApplication     : No active profile set, falling back to default profiles: default
2016-09-21 11:19:32.048  INFO 11969 --- [main] ationConfigEmbeddedWebApplicationContext : Refreshing org.springframework.boot.context.embedded.AnnotationConfigEmbeddedWebApplicationContext@710f4dc7: startup date [Wed Sep 21 11:19:32 CST 2016]; root of context hierarchy
2016-09-21 11:19:34.578  INFO 11969 --- [main] s.b.c.e.t.TomcatEmbeddedServletContainer : Tomcat initialized with port(s): 8810 (http)
2016-09-21 11:19:34.603  INFO 11969 --- [main] o.apache.catalina.core.StandardService   : Starting service Tomcat
2016-09-21 11:19:34.605  INFO 11969 --- [main] org.apache.catalina.core.StandardEngine  : Starting Servlet Engine: Apache Tomcat/8.5.4
2016-09-21 11:19:34.745  INFO 11969 --- [localhost-startStop-1] o.a.c.c.C.[Tomcat].[localhost].[/]       : Initializing Spring embedded WebApplicationContext
2016-09-21 11:19:34.746  INFO 11969 --- [localhost-startStop-1] o.s.web.context.ContextLoader            : Root WebApplicationContext: initialization completed in 2702 ms
2016-09-21 11:19:35.099  INFO 11969 --- [localhost-startStop-1] o.s.b.w.servlet.FilterRegistrationBean   : Mapping filter: 'characterEncodingFilter' to: [/*]
2016-09-21 11:19:35.110  INFO 11969 --- [localhost-startStop-1] o.s.b.w.servlet.FilterRegistrationBean   : Mapping filter: 'hiddenHttpMethodFilter' to: [/*]
2016-09-21 11:19:35.111  INFO 11969 --- [localhost-startStop-1] o.s.b.w.servlet.FilterRegistrationBean   : Mapping filter: 'httpPutFormContentFilter' to: [/*]
2016-09-21 11:19:35.111  INFO 11969 --- [localhost-startStop-1] o.s.b.w.servlet.FilterRegistrationBean   : Mapping filter: 'requestContextFilter' to: [/*]
2016-09-21 11:19:35.116  INFO 11969 --- [localhost-startStop-1] .s.DelegatingFilterProxyRegistrationBean : Mapping filter: 'springSecurityFilterChain' to: [/*]
2016-09-21 11:19:35.117  INFO 11969 --- [localhost-startStop-1] o.s.b.w.servlet.ServletRegistrationBean  : Mapping servlet: 'dispatcherServlet' to [/]
2016-09-21 11:19:35.900  INFO 11969 --- [main] s.w.s.m.m.a.RequestMappingHandlerAdapter : Looking for @ControllerAdvice: org.springframework.boot.context.embedded.AnnotationConfigEmbeddedWebApplicationContext@710f4dc7: startup date [Wed Sep 21 11:19:32 CST 2016]; root of context hierarchy
2016-09-21 11:19:35.992  INFO 11969 --- [main] s.w.s.m.m.a.RequestMappingHandlerMapping : Mapped "{[/api/v1.0/companies],methods=[GET]}" onto public org.springframework.hateoas.Resources<top.jyx365.organizationService.CompanyResource> top.jyx365.organizationService.CompanyController.getAllCompany()
2016-09-21 11:19:35.994  INFO 11969 --- [main] s.w.s.m.m.a.RequestMappingHandlerMapping : Mapped "{[/api/v1.0/companies/{companyId}],methods=[GET]}" onto public top.jyx365.organizationService.CompanyResource top.jyx365.organizationService.CompanyController.getCompany(java.lang.String)
2016-09-21 11:19:35.995  INFO 11969 --- [main] s.w.s.m.m.a.RequestMappingHandlerMapping : Mapped "{[/api/v1.0/companies/{companyId}/occupations],methods=[GET]}" onto public java.lang.String top.jyx365.organizationService.CompanyController.getCompanyOccupations(java.lang.String)
2016-09-21 11:19:35.999  INFO 11969 --- [main] s.w.s.m.m.a.RequestMappingHandlerMapping : Mapped "{[/error],produces=[text/html]}" onto public org.springframework.web.servlet.ModelAndView org.springframework.boot.autoconfigure.web.BasicErrorController.errorHtml(javax.servlet.http.HttpServletRequest,javax.servlet.http.HttpServletResponse)
2016-09-21 11:19:36.000  INFO 11969 --- [main] s.w.s.m.m.a.RequestMappingHandlerMapping : Mapped "{[/error]}" onto public org.springframework.http.ResponseEntity<java.util.Map<java.lang.String, java.lang.Object>> org.springframework.boot.autoconfigure.web.BasicErrorController.error(javax.servlet.http.HttpServletRequest)
2016-09-21 11:19:36.051  INFO 11969 --- [main] o.s.w.s.handler.SimpleUrlHandlerMapping  : Mapped URL path [/webjars/**] onto handler of type [class org.springframework.web.servlet.resource.ResourceHttpRequestHandler]
2016-09-21 11:19:36.052  INFO 11969 --- [main] o.s.w.s.handler.SimpleUrlHandlerMapping  : Mapped URL path [/**] onto handler of type [class org.springframework.web.servlet.resource.ResourceHttpRequestHandler]
2016-09-21 11:19:36.109  INFO 11969 --- [main] o.s.w.s.handler.SimpleUrlHandlerMapping  : Mapped URL path [/**/favicon.ico] onto handler of type [class org.springframework.web.servlet.resource.ResourceHttpRequestHandler]
2016-09-21 11:19:36.313  INFO 11969 --- [main] b.a.s.AuthenticationManagerConfiguration : 

Using default security password: ca032756-f423-4f92-a143-8923d6f31e15

2016-09-21 11:19:36.446  INFO 11969 --- [main] o.s.s.web.DefaultSecurityFilterChain     : Creating filter chain: Ant [pattern='/css/**'], []
2016-09-21 11:19:36.447  INFO 11969 --- [main] o.s.s.web.DefaultSecurityFilterChain     : Creating filter chain: Ant [pattern='/js/**'], []
2016-09-21 11:19:36.447  INFO 11969 --- [main] o.s.s.web.DefaultSecurityFilterChain     : Creating filter chain: Ant [pattern='/images/**'], []
2016-09-21 11:19:36.447  INFO 11969 --- [main] o.s.s.web.DefaultSecurityFilterChain     : Creating filter chain: Ant [pattern='/webjars/**'], []
2016-09-21 11:19:36.447  INFO 11969 --- [main] o.s.s.web.DefaultSecurityFilterChain     : Creating filter chain: Ant [pattern='/**/favicon.ico'], []
2016-09-21 11:19:36.448  INFO 11969 --- [main] o.s.s.web.DefaultSecurityFilterChain     : Creating filter chain: Ant [pattern='/error'], []
2016-09-21 11:19:36.546  INFO 11969 --- [main] o.s.s.web.DefaultSecurityFilterChain     : Creating filter chain: org.springframework.security.web.util.matcher.AnyRequestMatcher@1, [org.springframework.security.web.context.request.async.WebAsyncManagerIntegrationFilter@27b2faa6, org.springframework.security.web.context.SecurityContextPersistenceFilter@4f3e7344, org.springframework.security.web.header.HeaderWriterFilter@3ed03652, org.springframework.security.web.authentication.logout.LogoutFilter@5524b72f, org.springframework.security.oauth2.provider.authentication.OAuth2AuthenticationProcessingFilter@3abfe845, org.springframework.security.web.savedrequest.RequestCacheAwareFilter@62d73ead, org.springframework.security.web.servletapi.SecurityContextHolderAwareRequestFilter@46731692, org.springframework.security.web.authentication.AnonymousAuthenticationFilter@6428591a, org.springframework.security.web.session.SessionManagementFilter@5eed2d86, org.springframework.security.web.access.ExceptionTranslationFilter@763cf5b9, org.springframework.security.web.access.intercept.FilterSecurityInterceptor@36fc05ff]
2016-09-21 11:19:36.573  INFO 11969 --- [main] o.s.s.web.DefaultSecurityFilterChain     : Creating filter chain: OrRequestMatcher [requestMatchers=[Ant [pattern='/**']]], [org.springframework.security.web.context.request.async.WebAsyncManagerIntegrationFilter@24934262, org.springframework.security.web.context.SecurityContextPersistenceFilter@f288c14, org.springframework.security.web.header.HeaderWriterFilter@37b57b54, org.springframework.security.web.authentication.logout.LogoutFilter@5580d62f, org.springframework.security.web.authentication.www.BasicAuthenticationFilter@20e3c449, org.springframework.security.web.savedrequest.RequestCacheAwareFilter@6794ac0b, org.springframework.security.web.servletapi.SecurityContextHolderAwareRequestFilter@7be71476, org.springframework.security.web.authentication.AnonymousAuthenticationFilter@93f432e, org.springframework.security.web.session.SessionManagementFilter@5c1f6d57, org.springframework.security.web.access.ExceptionTranslationFilter@cbc8d0f, org.springframework.security.web.access.intercept.FilterSecurityInterceptor@499ef98e]
2016-09-21 11:19:36.720  INFO 11969 --- [main] o.s.j.e.a.AnnotationMBeanExporter        : Registering beans for JMX exposure on startup
2016-09-21 11:19:36.788  INFO 11969 --- [main] s.b.c.e.t.TomcatEmbeddedServletContainer : Tomcat started on port(s): 8810 (http)
2016-09-21 11:19:36.796  INFO 11969 --- [main] t.j.o.OrganizationServiceApplication     : Started OrganizationServiceApplication in 5.64 seconds (JVM running for 6.078)
2016-09-21 11:19:39.960  INFO 11969 --- [http-nio-8810-exec-1] o.a.c.c.C.[Tomcat].[localhost].[/]       : Initializing Spring FrameworkServlet 'dispatcherServlet'
2016-09-21 11:19:39.962  INFO 11969 --- [http-nio-8810-exec-1] o.s.web.servlet.DispatcherServlet        : FrameworkServlet 'dispatcherServlet': initialization started
2016-09-21 11:19:39.983  INFO 11969 --- [http-nio-8810-exec-1] o.s.web.servlet.DispatcherServlet        : FrameworkServlet 'dispatcherServlet': initialization completed in 20 ms
2016-09-21 11:19:40.021  INFO 11969 --- [http-nio-8810-exec-1] o.s.b.a.s.o.r.UserInfoTokenServices      : Getting user info from: http://dev.jyx365.top/api/v1.0/users/current
2016-09-21 11:19:40.176  WARN 11969 --- [http-nio-8810-exec-1] o.s.ldap.odm.core.impl.ObjectMetaData    : The Entry class Company should be declared final
2016-09-21 11:19:40.341  WARN 11969 --- [http-nio-8810-exec-1] .w.s.m.s.DefaultHandlerExceptionResolver : Failed to write HTTP message: org.springframework.http.converter.HttpMessageNotWritableException: Could not marshal [Resources { content: [links: [<http://cc-dev.jyx365.top:8810/api/v1.0/companies/smart%20convergence>;rel="occupations"], links: [<http://cc-dev.jyx365.top:8810/api/v1.0/companies/nkf>;rel="occupations"]], links: [] }]: null; nested exception is javax.xml.bind.MarshalException
 - with linked exception:
[com.sun.istack.internal.SAXException2: unable to marshal type "top.jyx365.organizationService.CompanyResource" as an element because it is missing an @XmlRootElement annotation]
2016-09-21 11:19:52.011  INFO 11969 --- [Thread-2] ationConfigEmbeddedWebApplicationContext : Closing org.springframework.boot.context.embedded.AnnotationConfigEmbeddedWebApplicationContext@710f4dc7: startup date [Wed Sep 21 11:19:32 CST 2016]; root of context hierarchy
2016-09-21 11:19:52.023  INFO 11969 --- [Thread-2] o.s.j.e.a.AnnotationMBeanExporter        : Unregistering JMX-exposed beans on shutdown
2016-09-21 11:20:05.861  INFO 12076 --- [main] t.j.o.OrganizationServiceApplication     : Starting OrganizationServiceApplication on dev2.jyx365.top with PID 12076 (/home/alan/organizationService/build/classes/main started by alan in /home/alan/organizationService)
2016-09-21 11:20:05.872  INFO 12076 --- [main] t.j.o.OrganizationServiceApplication     : No active profile set, falling back to default profiles: default
2016-09-21 11:20:06.021  INFO 12076 --- [main] ationConfigEmbeddedWebApplicationContext : Refreshing org.springframework.boot.context.embedded.AnnotationConfigEmbeddedWebApplicationContext@710f4dc7: startup date [Wed Sep 21 11:20:06 CST 2016]; root of context hierarchy
2016-09-21 11:20:08.228  INFO 12076 --- [main] s.b.c.e.t.TomcatEmbeddedServletContainer : Tomcat initialized with port(s): 8810 (http)
2016-09-21 11:20:08.253  INFO 12076 --- [main] o.apache.catalina.core.StandardService   : Starting service Tomcat
2016-09-21 11:20:08.254  INFO 12076 --- [main] org.apache.catalina.core.StandardEngine  : Starting Servlet Engine: Apache Tomcat/8.5.4
2016-09-21 11:20:08.380  INFO 12076 --- [localhost-startStop-1] o.a.c.c.C.[Tomcat].[localhost].[/]       : Initializing Spring embedded WebApplicationContext
2016-09-21 11:20:08.381  INFO 12076 --- [localhost-startStop-1] o.s.web.context.ContextLoader            : Root WebApplicationContext: initialization completed in 2362 ms
2016-09-21 11:20:08.617  INFO 12076 --- [localhost-startStop-1] o.s.b.w.servlet.FilterRegistrationBean   : Mapping filter: 'characterEncodingFilter' to: [/*]
2016-09-21 11:20:08.618  INFO 12076 --- [localhost-startStop-1] o.s.b.w.servlet.FilterRegistrationBean   : Mapping filter: 'hiddenHttpMethodFilter' to: [/*]
2016-09-21 11:20:08.619  INFO 12076 --- [localhost-startStop-1] o.s.b.w.servlet.FilterRegistrationBean   : Mapping filter: 'httpPutFormContentFilter' to: [/*]
2016-09-21 11:20:08.619  INFO 12076 --- [localhost-startStop-1] o.s.b.w.servlet.FilterRegistrationBean   : Mapping filter: 'requestContextFilter' to: [/*]
2016-09-21 11:20:08.621  INFO 12076 --- [localhost-startStop-1] .s.DelegatingFilterProxyRegistrationBean : Mapping filter: 'springSecurityFilterChain' to: [/*]
2016-09-21 11:20:08.621  INFO 12076 --- [localhost-startStop-1] o.s.b.w.servlet.ServletRegistrationBean  : Mapping servlet: 'dispatcherServlet' to [/]
2016-09-21 11:20:09.340  INFO 12076 --- [main] s.w.s.m.m.a.RequestMappingHandlerAdapter : Looking for @ControllerAdvice: org.springframework.boot.context.embedded.AnnotationConfigEmbeddedWebApplicationContext@710f4dc7: startup date [Wed Sep 21 11:20:06 CST 2016]; root of context hierarchy
2016-09-21 11:20:09.432  INFO 12076 --- [main] s.w.s.m.m.a.RequestMappingHandlerMapping : Mapped "{[/api/v1.0/companies],methods=[GET]}" onto public org.springframework.hateoas.Resources<top.jyx365.organizationService.CompanyResource> top.jyx365.organizationService.CompanyController.getAllCompany()
2016-09-21 11:20:09.433  INFO 12076 --- [main] s.w.s.m.m.a.RequestMappingHandlerMapping : Mapped "{[/api/v1.0/companies/{companyId}],methods=[GET]}" onto public top.jyx365.organizationService.CompanyResource top.jyx365.organizationService.CompanyController.getCompany(java.lang.String)
2016-09-21 11:20:09.434  INFO 12076 --- [main] s.w.s.m.m.a.RequestMappingHandlerMapping : Mapped "{[/api/v1.0/companies/{companyId}/occupations],methods=[GET]}" onto public java.lang.String top.jyx365.organizationService.CompanyController.getCompanyOccupations(java.lang.String)
2016-09-21 11:20:09.436  INFO 12076 --- [main] s.w.s.m.m.a.RequestMappingHandlerMapping : Mapped "{[/error],produces=[text/html]}" onto public org.springframework.web.servlet.ModelAndView org.springframework.boot.autoconfigure.web.BasicErrorController.errorHtml(javax.servlet.http.HttpServletRequest,javax.servlet.http.HttpServletResponse)
2016-09-21 11:20:09.437  INFO 12076 --- [main] s.w.s.m.m.a.RequestMappingHandlerMapping : Mapped "{[/error]}" onto public org.springframework.http.ResponseEntity<java.util.Map<java.lang.String, java.lang.Object>> org.springframework.boot.autoconfigure.web.BasicErrorController.error(javax.servlet.http.HttpServletRequest)
2016-09-21 11:20:09.468  INFO 12076 --- [main] o.s.w.s.handler.SimpleUrlHandlerMapping  : Mapped URL path [/webjars/**] onto handler of type [class org.springframework.web.servlet.resource.ResourceHttpRequestHandler]
2016-09-21 11:20:09.469  INFO 12076 --- [main] o.s.w.s.handler.SimpleUrlHandlerMapping  : Mapped URL path [/**] onto handler of type [class org.springframework.web.servlet.resource.ResourceHttpRequestHandler]
2016-09-21 11:20:09.508  INFO 12076 --- [main] o.s.w.s.handler.SimpleUrlHandlerMapping  : Mapped URL path [/**/favicon.ico] onto handler of type [class org.springframework.web.servlet.resource.ResourceHttpRequestHandler]
2016-09-21 11:20:09.658  INFO 12076 --- [main] b.a.s.AuthenticationManagerConfiguration : 

Using default security password: 70f8b80c-d2c1-45df-96a5-0c242aeb455c

2016-09-21 11:20:09.795  INFO 12076 --- [main] o.s.s.web.DefaultSecurityFilterChain     : Creating filter chain: Ant [pattern='/css/**'], []
2016-09-21 11:20:09.796  INFO 12076 --- [main] o.s.s.web.DefaultSecurityFilterChain     : Creating filter chain: Ant [pattern='/js/**'], []
2016-09-21 11:20:09.796  INFO 12076 --- [main] o.s.s.web.DefaultSecurityFilterChain     : Creating filter chain: Ant [pattern='/images/**'], []
2016-09-21 11:20:09.796  INFO 12076 --- [main] o.s.s.web.DefaultSecurityFilterChain     : Creating filter chain: Ant [pattern='/webjars/**'], []
2016-09-21 11:20:09.796  INFO 12076 --- [main] o.s.s.web.DefaultSecurityFilterChain     : Creating filter chain: Ant [pattern='/**/favicon.ico'], []
2016-09-21 11:20:09.796  INFO 12076 --- [main] o.s.s.web.DefaultSecurityFilterChain     : Creating filter chain: Ant [pattern='/error'], []
2016-09-21 11:20:09.919  INFO 12076 --- [main] o.s.s.web.DefaultSecurityFilterChain     : Creating filter chain: org.springframework.security.web.util.matcher.AnyRequestMatcher@1, [org.springframework.security.web.context.request.async.WebAsyncManagerIntegrationFilter@27b2faa6, org.springframework.security.web.context.SecurityContextPersistenceFilter@4f3e7344, org.springframework.security.web.header.HeaderWriterFilter@3ed03652, org.springframework.security.web.authentication.logout.LogoutFilter@5524b72f, org.springframework.security.oauth2.provider.authentication.OAuth2AuthenticationProcessingFilter@3abfe845, org.springframework.security.web.savedrequest.RequestCacheAwareFilter@62d73ead, org.springframework.security.web.servletapi.SecurityContextHolderAwareRequestFilter@46731692, org.springframework.security.web.authentication.AnonymousAuthenticationFilter@6428591a, org.springframework.security.web.session.SessionManagementFilter@5eed2d86, org.springframework.security.web.access.ExceptionTranslationFilter@763cf5b9, org.springframework.security.web.access.intercept.FilterSecurityInterceptor@36fc05ff]
2016-09-21 11:20:09.944  INFO 12076 --- [main] o.s.s.web.DefaultSecurityFilterChain     : Creating filter chain: OrRequestMatcher [requestMatchers=[Ant [pattern='/**']]], [org.springframework.security.web.context.request.async.WebAsyncManagerIntegrationFilter@24934262, org.springframework.security.web.context.SecurityContextPersistenceFilter@f288c14, org.springframework.security.web.header.HeaderWriterFilter@37b57b54, org.springframework.security.web.authentication.logout.LogoutFilter@5580d62f, org.springframework.security.web.authentication.www.BasicAuthenticationFilter@20e3c449, org.springframework.security.web.savedrequest.RequestCacheAwareFilter@6794ac0b, org.springframework.security.web.servletapi.SecurityContextHolderAwareRequestFilter@7be71476, org.springframework.security.web.authentication.AnonymousAuthenticationFilter@93f432e, org.springframework.security.web.session.SessionManagementFilter@5c1f6d57, org.springframework.security.web.access.ExceptionTranslationFilter@cbc8d0f, org.springframework.security.web.access.intercept.FilterSecurityInterceptor@499ef98e]
2016-09-21 11:20:10.200  INFO 12076 --- [main] o.s.j.e.a.AnnotationMBeanExporter        : Registering beans for JMX exposure on startup
2016-09-21 11:20:10.320  INFO 12076 --- [main] s.b.c.e.t.TomcatEmbeddedServletContainer : Tomcat started on port(s): 8810 (http)
2016-09-21 11:20:10.326  INFO 12076 --- [main] t.j.o.OrganizationServiceApplication     : Started OrganizationServiceApplication in 5.19 seconds (JVM running for 5.706)
2016-09-21 11:20:14.332  INFO 12076 --- [http-nio-8810-exec-1] o.a.c.c.C.[Tomcat].[localhost].[/]       : Initializing Spring FrameworkServlet 'dispatcherServlet'
2016-09-21 11:20:14.333  INFO 12076 --- [http-nio-8810-exec-1] o.s.web.servlet.DispatcherServlet        : FrameworkServlet 'dispatcherServlet': initialization started
2016-09-21 11:20:14.360  INFO 12076 --- [http-nio-8810-exec-1] o.s.web.servlet.DispatcherServlet        : FrameworkServlet 'dispatcherServlet': initialization completed in 25 ms
2016-09-21 11:20:14.384  INFO 12076 --- [http-nio-8810-exec-1] o.s.b.a.s.o.r.UserInfoTokenServices      : Getting user info from: http://dev.jyx365.top/api/v1.0/users/current
2016-09-21 11:20:14.559  WARN 12076 --- [http-nio-8810-exec-1] o.s.ldap.odm.core.impl.ObjectMetaData    : The Entry class Company should be declared final
2016-09-21 11:20:14.741  WARN 12076 --- [http-nio-8810-exec-1] .w.s.m.s.DefaultHandlerExceptionResolver : Failed to write HTTP message: org.springframework.http.converter.HttpMessageNotWritableException: Could not marshal [Resources { content: [links: [<http://cc-dev.jyx365.top:8810/api/v1.0/companies/smart%20convergence>;rel="occupations"], links: [<http://cc-dev.jyx365.top:8810/api/v1.0/companies/nkf>;rel="occupations"]], links: [] }]: null; nested exception is javax.xml.bind.MarshalException
 - with linked exception:
[com.sun.istack.internal.SAXException2: unable to marshal type "top.jyx365.organizationService.CompanyResource" as an element because it is missing an @XmlRootElement annotation]
2016-09-21 11:21:22.069  INFO 12076 --- [Thread-2] ationConfigEmbeddedWebApplicationContext : Closing org.springframework.boot.context.embedded.AnnotationConfigEmbeddedWebApplicationContext@710f4dc7: startup date [Wed Sep 21 11:20:06 CST 2016]; root of context hierarchy
2016-09-21 11:21:22.079  INFO 12076 --- [Thread-2] o.s.j.e.a.AnnotationMBeanExporter        : Unregistering JMX-exposed beans on shutdown
2016-09-21 11:22:04.105  INFO 12330 --- [main] t.j.o.OrganizationServiceApplication     : Starting OrganizationServiceApplication on dev2.jyx365.top with PID 12330 (/home/alan/organizationService/build/classes/main started by alan in /home/alan/organizationService)
2016-09-21 11:22:04.109  INFO 12330 --- [main] t.j.o.OrganizationServiceApplication     : No active profile set, falling back to default profiles: default
2016-09-21 11:22:04.237  INFO 12330 --- [main] ationConfigEmbeddedWebApplicationContext : Refreshing org.springframework.boot.context.embedded.AnnotationConfigEmbeddedWebApplicationContext@710f4dc7: startup date [Wed Sep 21 11:22:04 CST 2016]; root of context hierarchy
2016-09-21 11:22:06.646  INFO 12330 --- [main] s.b.c.e.t.TomcatEmbeddedServletContainer : Tomcat initialized with port(s): 8810 (http)
2016-09-21 11:22:06.661  INFO 12330 --- [main] o.apache.catalina.core.StandardService   : Starting service Tomcat
2016-09-21 11:22:06.663  INFO 12330 --- [main] org.apache.catalina.core.StandardEngine  : Starting Servlet Engine: Apache Tomcat/8.5.4
2016-09-21 11:22:06.803  INFO 12330 --- [localhost-startStop-1] o.a.c.c.C.[Tomcat].[localhost].[/]       : Initializing Spring embedded WebApplicationContext
2016-09-21 11:22:06.804  INFO 12330 --- [localhost-startStop-1] o.s.web.context.ContextLoader            : Root WebApplicationContext: initialization completed in 2580 ms
2016-09-21 11:22:07.010  INFO 12330 --- [localhost-startStop-1] o.s.b.w.servlet.FilterRegistrationBean   : Mapping filter: 'characterEncodingFilter' to: [/*]
2016-09-21 11:22:07.011  INFO 12330 --- [localhost-startStop-1] o.s.b.w.servlet.FilterRegistrationBean   : Mapping filter: 'hiddenHttpMethodFilter' to: [/*]
2016-09-21 11:22:07.011  INFO 12330 --- [localhost-startStop-1] o.s.b.w.servlet.FilterRegistrationBean   : Mapping filter: 'httpPutFormContentFilter' to: [/*]
2016-09-21 11:22:07.012  INFO 12330 --- [localhost-startStop-1] o.s.b.w.servlet.FilterRegistrationBean   : Mapping filter: 'requestContextFilter' to: [/*]
2016-09-21 11:22:07.014  INFO 12330 --- [localhost-startStop-1] .s.DelegatingFilterProxyRegistrationBean : Mapping filter: 'springSecurityFilterChain' to: [/*]
2016-09-21 11:22:07.014  INFO 12330 --- [localhost-startStop-1] o.s.b.w.servlet.ServletRegistrationBean  : Mapping servlet: 'dispatcherServlet' to [/]
2016-09-21 11:22:07.914  INFO 12330 --- [main] s.w.s.m.m.a.RequestMappingHandlerAdapter : Looking for @ControllerAdvice: org.springframework.boot.context.embedded.AnnotationConfigEmbeddedWebApplicationContext@710f4dc7: startup date [Wed Sep 21 11:22:04 CST 2016]; root of context hierarchy
2016-09-21 11:22:08.015  INFO 12330 --- [main] s.w.s.m.m.a.RequestMappingHandlerMapping : Mapped "{[/api/v1.0/companies],methods=[GET]}" onto public org.springframework.hateoas.Resources<top.jyx365.organizationService.CompanyResource> top.jyx365.organizationService.CompanyController.getAllCompany()
2016-09-21 11:22:08.017  INFO 12330 --- [main] s.w.s.m.m.a.RequestMappingHandlerMapping : Mapped "{[/api/v1.0/companies/{companyId}],methods=[GET]}" onto public top.jyx365.organizationService.CompanyResource top.jyx365.organizationService.CompanyController.getCompany(java.lang.String)
2016-09-21 11:22:08.017  INFO 12330 --- [main] s.w.s.m.m.a.RequestMappingHandlerMapping : Mapped "{[/api/v1.0/companies/{companyId}/occupations],methods=[GET]}" onto public java.lang.String top.jyx365.organizationService.CompanyController.getCompanyOccupations(java.lang.String)
2016-09-21 11:22:08.020  INFO 12330 --- [main] s.w.s.m.m.a.RequestMappingHandlerMapping : Mapped "{[/error],produces=[text/html]}" onto public org.springframework.web.servlet.ModelAndView org.springframework.boot.autoconfigure.web.BasicErrorController.errorHtml(javax.servlet.http.HttpServletRequest,javax.servlet.http.HttpServletResponse)
2016-09-21 11:22:08.025  INFO 12330 --- [main] s.w.s.m.m.a.RequestMappingHandlerMapping : Mapped "{[/error]}" onto public org.springframework.http.ResponseEntity<java.util.Map<java.lang.String, java.lang.Object>> org.springframework.boot.autoconfigure.web.BasicErrorController.error(javax.servlet.http.HttpServletRequest)
2016-09-21 11:22:08.058  INFO 12330 --- [main] o.s.w.s.handler.SimpleUrlHandlerMapping  : Mapped URL path [/webjars/**] onto handler of type [class org.springframework.web.servlet.resource.ResourceHttpRequestHandler]
2016-09-21 11:22:08.061  INFO 12330 --- [main] o.s.w.s.handler.SimpleUrlHandlerMapping  : Mapped URL path [/**] onto handler of type [class org.springframework.web.servlet.resource.ResourceHttpRequestHandler]
2016-09-21 11:22:08.101  INFO 12330 --- [main] o.s.w.s.handler.SimpleUrlHandlerMapping  : Mapped URL path [/**/favicon.ico] onto handler of type [class org.springframework.web.servlet.resource.ResourceHttpRequestHandler]
2016-09-21 11:22:08.283  INFO 12330 --- [main] b.a.s.AuthenticationManagerConfiguration : 

Using default security password: a226abb2-7c66-49bb-9b83-8aaa7cde75d7

2016-09-21 11:22:08.403  INFO 12330 --- [main] o.s.s.web.DefaultSecurityFilterChain     : Creating filter chain: Ant [pattern='/css/**'], []
2016-09-21 11:22:08.404  INFO 12330 --- [main] o.s.s.web.DefaultSecurityFilterChain     : Creating filter chain: Ant [pattern='/js/**'], []
2016-09-21 11:22:08.404  INFO 12330 --- [main] o.s.s.web.DefaultSecurityFilterChain     : Creating filter chain: Ant [pattern='/images/**'], []
2016-09-21 11:22:08.405  INFO 12330 --- [main] o.s.s.web.DefaultSecurityFilterChain     : Creating filter chain: Ant [pattern='/webjars/**'], []
2016-09-21 11:22:08.405  INFO 12330 --- [main] o.s.s.web.DefaultSecurityFilterChain     : Creating filter chain: Ant [pattern='/**/favicon.ico'], []
2016-09-21 11:22:08.405  INFO 12330 --- [main] o.s.s.web.DefaultSecurityFilterChain     : Creating filter chain: Ant [pattern='/error'], []
2016-09-21 11:22:08.480  INFO 12330 --- [main] o.s.s.web.DefaultSecurityFilterChain     : Creating filter chain: org.springframework.security.web.util.matcher.AnyRequestMatcher@1, [org.springframework.security.web.context.request.async.WebAsyncManagerIntegrationFilter@27b2faa6, org.springframework.security.web.context.SecurityContextPersistenceFilter@4f3e7344, org.springframework.security.web.header.HeaderWriterFilter@3ed03652, org.springframework.security.web.authentication.logout.LogoutFilter@5524b72f, org.springframework.security.oauth2.provider.authentication.OAuth2AuthenticationProcessingFilter@3abfe845, org.springframework.security.web.savedrequest.RequestCacheAwareFilter@62d73ead, org.springframework.security.web.servletapi.SecurityContextHolderAwareRequestFilter@46731692, org.springframework.security.web.authentication.AnonymousAuthenticationFilter@6428591a, org.springframework.security.web.session.SessionManagementFilter@5eed2d86, org.springframework.security.web.access.ExceptionTranslationFilter@763cf5b9, org.springframework.security.web.access.intercept.FilterSecurityInterceptor@36fc05ff]
2016-09-21 11:22:08.504  INFO 12330 --- [main] o.s.s.web.DefaultSecurityFilterChain     : Creating filter chain: OrRequestMatcher [requestMatchers=[Ant [pattern='/**']]], [org.springframework.security.web.context.request.async.WebAsyncManagerIntegrationFilter@24934262, org.springframework.security.web.context.SecurityContextPersistenceFilter@f288c14, org.springframework.security.web.header.HeaderWriterFilter@37b57b54, org.springframework.security.web.authentication.logout.LogoutFilter@5580d62f, org.springframework.security.web.authentication.www.BasicAuthenticationFilter@20e3c449, org.springframework.security.web.savedrequest.RequestCacheAwareFilter@6794ac0b, org.springframework.security.web.servletapi.SecurityContextHolderAwareRequestFilter@7be71476, org.springframework.security.web.authentication.AnonymousAuthenticationFilter@93f432e, org.springframework.security.web.session.SessionManagementFilter@5c1f6d57, org.springframework.security.web.access.ExceptionTranslationFilter@cbc8d0f, org.springframework.security.web.access.intercept.FilterSecurityInterceptor@499ef98e]
2016-09-21 11:22:08.687  INFO 12330 --- [main] o.s.j.e.a.AnnotationMBeanExporter        : Registering beans for JMX exposure on startup
2016-09-21 11:22:08.758  INFO 12330 --- [main] s.b.c.e.t.TomcatEmbeddedServletContainer : Tomcat started on port(s): 8810 (http)
2016-09-21 11:22:08.764  INFO 12330 --- [main] t.j.o.OrganizationServiceApplication     : Started OrganizationServiceApplication in 5.407 seconds (JVM running for 5.834)
2016-09-21 11:22:14.350  INFO 12330 --- [http-nio-8810-exec-1] o.a.c.c.C.[Tomcat].[localhost].[/]       : Initializing Spring FrameworkServlet 'dispatcherServlet'
2016-09-21 11:22:14.352  INFO 12330 --- [http-nio-8810-exec-1] o.s.web.servlet.DispatcherServlet        : FrameworkServlet 'dispatcherServlet': initialization started
2016-09-21 11:22:14.375  INFO 12330 --- [http-nio-8810-exec-1] o.s.web.servlet.DispatcherServlet        : FrameworkServlet 'dispatcherServlet': initialization completed in 23 ms
2016-09-21 11:22:14.399  INFO 12330 --- [http-nio-8810-exec-1] o.s.b.a.s.o.r.UserInfoTokenServices      : Getting user info from: http://dev.jyx365.top/api/v1.0/users/current
2016-09-21 11:22:14.555  WARN 12330 --- [http-nio-8810-exec-1] o.s.ldap.odm.core.impl.ObjectMetaData    : The Entry class Company should be declared final
2016-09-21 11:22:14.721  WARN 12330 --- [http-nio-8810-exec-1] .w.s.m.s.DefaultHandlerExceptionResolver : Failed to write HTTP message: org.springframework.http.converter.HttpMessageNotWritableException: Could not marshal [Resources { content: [links: [<http://cc-dev.jyx365.top:8810/api/v1.0/companies/smart%20convergence>;rel="occupations"], links: [<http://cc-dev.jyx365.top:8810/api/v1.0/companies/nkf>;rel="occupations"]], links: [] }]: null; nested exception is javax.xml.bind.MarshalException
 - with linked exception:
[com.sun.istack.internal.SAXException2: unable to marshal type "top.jyx365.organizationService.CompanyResource" as an element because it is missing an @XmlRootElement annotation]
2016-09-21 11:22:23.405  INFO 12330 --- [http-nio-8810-exec-2] o.s.b.a.s.o.r.UserInfoTokenServices      : Getting user info from: http://dev.jyx365.top/api/v1.0/users/current
2016-09-21 11:22:23.454  WARN 12330 --- [http-nio-8810-exec-2] .w.s.m.s.DefaultHandlerExceptionResolver : Failed to write HTTP message: org.springframework.http.converter.HttpMessageNotWritableException: Could not marshal [Resources { content: [links: [<http://cc-dev.jyx365.top:8810/api/v1.0/companies/smart%20convergence>;rel="occupations"], links: [<http://cc-dev.jyx365.top:8810/api/v1.0/companies/nkf>;rel="occupations"]], links: [] }]: null; nested exception is javax.xml.bind.MarshalException
 - with linked exception:
[com.sun.istack.internal.SAXException2: unable to marshal type "top.jyx365.organizationService.CompanyResource" as an element because it is missing an @XmlRootElement annotation]
2016-09-21 11:23:11.211  INFO 12330 --- [Thread-2] ationConfigEmbeddedWebApplicationContext : Closing org.springframework.boot.context.embedded.AnnotationConfigEmbeddedWebApplicationContext@710f4dc7: startup date [Wed Sep 21 11:22:04 CST 2016]; root of context hierarchy
2016-09-21 11:23:11.216  INFO 12330 --- [Thread-2] o.s.j.e.a.AnnotationMBeanExporter        : Unregistering JMX-exposed beans on shutdown
